<?xml version="1.0" encoding="UTF-8"?>
<!-- Generated by org.testng.reporters.JUnitReportReporter -->
<testsuite skipped="0" hostname="Jag" name="learnData.LearnString" tests="1" failures="0" timestamp="29 Jul 2018 11:20:10 GMT" time="0.016" errors="0">
  <testcase name="mainString" time="0.016" classname="learnData.LearnString"/>
</testsuite> <!-- learnData.LearnString -->
