<?xml version="1.0" encoding="UTF-8"?>
<!-- Generated by org.testng.reporters.JUnitReportReporter -->
<testsuite skipped="0" hostname="Jag" name="learnData.LearnExcel" tests="2" failures="0" timestamp="20 Jul 2018 11:01:48 GMT" time="0.013" errors="0">
  <testcase name="main" time="0.011" classname="learnData.LearnExcel"/>
  <testcase name="main" time="0.002" classname="learnData.LearnExcel"/>
</testsuite> <!-- learnData.LearnExcel -->
